Using pre-set license
Built from '2020.3/staging' branch; Version is '2020.3.24f1 (79c78de19888) revision 7980941'; Using compiler version '192528614'; Build Type 'Release'
OS: 'Windows 10  (10.0.19044) 64bit Professional' Language: 'en' Physical Memory: 8097 MB
BatchMode: 1, IsHumanControllingUs: 0, StartBugReporterOnCrash: 0, Is64bit: 1, IsPro: 0

COMMAND LINE ARGUMENTS:
C:\Program Files\Unity\Hub\Editor\2020.3.24f1\Editor\Unity.exe
-adb2
-batchMode
-noUpm
-name
AssetImportWorker0
-projectPath
D:/Doing/Workspace/Runner-Wheel-3D
-logFile
Logs/AssetImportWorker0.log
-srvPort
49188
Successfully changed project path to: D:/Doing/Workspace/Runner-Wheel-3D
D:/Doing/Workspace/Runner-Wheel-3D
Using Asset Import Pipeline V2.
Refreshing native plugins compatible for Editor in 92.51 ms, found 2 plugins.
Preloading 0 native plugins for Editor in 0.00 ms.
Initialize engine version: 2020.3.24f1 (79c78de19888)
[Subsystems] Discovering subsystems at path C:/Program Files/Unity/Hub/Editor/2020.3.24f1/Editor/Data/Resources/UnitySubsystems
[Subsystems] Discovering subsystems at path D:/Doing/Workspace/Runner-Wheel-3D/Assets
GfxDevice: creating device client; threaded=0
Direct3D:
    Version:  Direct3D 11.0 [level 11.0]
    Renderer: NVIDIA GeForce GT 720M (ID=0x1140)
    Vendor:   
    VRAM:     2000 MB
    Driver:   23.21.13.8908
Initialize mono
Mono path[0] = 'C:/Program Files/Unity/Hub/Editor/2020.3.24f1/Editor/Data/Managed'
Mono path[1] = 'C:/Program Files/Unity/Hub/Editor/2020.3.24f1/Editor/Data/MonoBleedingEdge/lib/mono/unityjit'
Mono config path = 'C:/Program Files/Unity/Hub/Editor/2020.3.24f1/Editor/Data/MonoBleedingEdge/etc'
Using monoOptions --debugger-agent=transport=dt_socket,embedding=1,server=y,suspend=n,address=127.0.0.1:56348
Begin MonoManager ReloadAssembly
Registering precompiled unity dll's ...
Register platform support module: C:/Program Files/Unity/Hub/Editor/2020.3.24f1/Editor/Data/PlaybackEngines/WindowsStandaloneSupport/UnityEditor.WindowsStandalone.Extensions.dll
Registered in 0.003726 seconds.
Native extension for WindowsStandalone target not found
Refreshing native plugins compatible for Editor in 104.04 ms, found 2 plugins.
Preloading 0 native plugins for Editor in 0.00 ms.
Mono: successfully reloaded assembly
- Completed reload, in  1.951 seconds
Domain Reload Profiling:
	ReloadAssembly (1953ms)
		BeginReloadAssembly (166ms)
			ExecutionOrderSort (0ms)
			DisableScriptedObjects (0ms)
			BackupInstance (0ms)
			ReleaseScriptingObjects (0ms)
			CreateAndSetChildDomain (6ms)
		EndReloadAssembly (1501ms)
			LoadAssemblies (131ms)
			RebuildTransferFunctionScriptingTraits (0ms)
			SetupTypeCache (473ms)
			ReleaseScriptCaches (0ms)
			RebuildScriptCaches (85ms)
			SetupLoadedEditorAssemblies (550ms)
				LogAssemblyErrors (0ms)
				InitializePlatformSupportModulesInManaged (7ms)
				SetLoadedEditorAssemblies (0ms)
				RefreshPlugins (104ms)
				BeforeProcessingInitializeOnLoad (79ms)
				ProcessInitializeOnLoadAttributes (307ms)
				ProcessInitializeOnLoadMethodAttributes (52ms)
				AfterProcessingInitializeOnLoad (0ms)
				EditorAssembliesLoaded (0ms)
			ExecutionOrderSort2 (0ms)
			AwakeInstancesAfterBackupRestoration (0ms)
Platform modules already initialized, skipping
Registering precompiled user dll's ...
Registered in 0.014334 seconds.
Begin MonoManager ReloadAssembly
Native extension for WindowsStandalone target not found
Refreshing native plugins compatible for Editor in 95.87 ms, found 2 plugins.
Preloading 0 native plugins for Editor in 0.00 ms.
Mono: successfully reloaded assembly
- Completed reload, in  2.254 seconds
Domain Reload Profiling:
	ReloadAssembly (2259ms)
		BeginReloadAssembly (316ms)
			ExecutionOrderSort (0ms)
			DisableScriptedObjects (30ms)
			BackupInstance (0ms)
			ReleaseScriptingObjects (0ms)
			CreateAndSetChildDomain (31ms)
		EndReloadAssembly (1800ms)
			LoadAssemblies (169ms)
			RebuildTransferFunctionScriptingTraits (0ms)
			SetupTypeCache (653ms)
			ReleaseScriptCaches (1ms)
			RebuildScriptCaches (91ms)
			SetupLoadedEditorAssemblies (652ms)
				LogAssemblyErrors (0ms)
				InitializePlatformSupportModulesInManaged (7ms)
				SetLoadedEditorAssemblies (0ms)
				RefreshPlugins (96ms)
				BeforeProcessingInitializeOnLoad (151ms)
				ProcessInitializeOnLoadAttributes (358ms)
				ProcessInitializeOnLoadMethodAttributes (17ms)
				AfterProcessingInitializeOnLoad (21ms)
				EditorAssembliesLoaded (1ms)
			ExecutionOrderSort2 (0ms)
			AwakeInstancesAfterBackupRestoration (19ms)
Platform modules already initialized, skipping
========================================================================
Worker process is ready to serve import requests
Launched and connected shader compiler UnityShaderCompiler.exe after 0.12 seconds
Refreshing native plugins compatible for Editor in 1.23 ms, found 2 plugins.
Preloading 0 native plugins for Editor in 0.00 ms.
Unloading 2817 Unused Serialized files (Serialized files now loaded: 0)
System memory in use before: 125.7 MB.
System memory in use after: 125.9 MB.

Unloading 20 unused Assets to reduce memory usage. Loaded Objects now: 3249.
Total: 6.644400 ms (FindLiveObjects: 0.501400 ms CreateObjectMapping: 0.213600 ms MarkObjects: 5.758600 ms  DeleteObjects: 0.168400 ms)

AssetImportParameters requested are different than current active one (requested -> active):
  custom:framework-win-MediaFoundation: 216162199b28c13a410421893ffa2e32 -> 
  custom:video-decoder-ogg-theora: a1e56fd34408186e4bbccfd4996cb3dc -> 
  custom:container-muxer-webm: aa71ff27fc2769a1b78a27578f13a17b -> 
  custom:container-demuxer-webm: 4f35f7cbe854078d1ac9338744f61a02 -> 
  custom:container-demuxer-ogg: 62fdf1f143b41e24485cea50d1cbac27 -> 
  custom:video-encoder-webm-vp8: eb34c28f22e8b96e1ab97ce403110664 -> 
  custom:video-decoder-webm-vp8: 9c59270c3fd7afecdb556c50c9e8de78 -> 
  custom:audio-decoder-ogg-vorbis: bf7c407c2cedff20999df2af8eb42d56 -> 
  custom:audio-encoder-webm-vorbis: bf7c407c2cedff20999df2af8eb42d56 -> 
========================================================================
Received Import Request.
  path: Assets/Prefabs/Tile1.prefab
  artifactKey: Guid(328b5c9d940ef0c48b3ba8f35765c566) Importer(815301076,1909f56bfc062723c751e8b465ee728b)
Start importing Assets/Prefabs/Tile1.prefab using Guid(328b5c9d940ef0c48b3ba8f35765c566) Importer(815301076,1909f56bfc062723c751e8b465ee728b)  -> (artifact id: 'b37eabfe3e5590732c1dffe82b7f868c') in 0.450496 seconds 
  Import took 0.459671 seconds .

========================================================================
Received Import Request.
  Time since last request: 0.000382 seconds.
  path: Assets/Models
  artifactKey: Guid(fecbdb014157d8846ac93cafb8b68104) Importer(815301076,1909f56bfc062723c751e8b465ee728b)
Start importing Assets/Models using Guid(fecbdb014157d8846ac93cafb8b68104) Importer(815301076,1909f56bfc062723c751e8b465ee728b)  -> (artifact id: '1c56e50f746d9125d3dc23ee3f08b134') in 0.018615 seconds 
  Import took 0.028712 seconds .

========================================================================
Received Import Request.
  Time since last request: 0.000296 seconds.
  path: Assets/Models/RoadWorksBarrierHigh.fbx
  artifactKey: Guid(ce2c41864aa11564bbb003bda1a56392) Importer(815301076,1909f56bfc062723c751e8b465ee728b)
Start importing Assets/Models/RoadWorksBarrierHigh.fbx using Guid(ce2c41864aa11564bbb003bda1a56392) Importer(815301076,1909f56bfc062723c751e8b465ee728b)  -> (artifact id: '66ab7f1e8f16890b728e04c12e9d819e') in 0.176259 seconds 
  Import took 0.184687 seconds .

========================================================================
Received Import Request.
  Time since last request: 16.433569 seconds.
  path: Assets/Models/RoadWorksBarrierLow.fbx
  artifactKey: Guid(9c07a1a588b4db046aaf1bbb7b5dd81e) Importer(815301076,1909f56bfc062723c751e8b465ee728b)
Start importing Assets/Models/RoadWorksBarrierLow.fbx using Guid(9c07a1a588b4db046aaf1bbb7b5dd81e) Importer(815301076,1909f56bfc062723c751e8b465ee728b)  -> (artifact id: '073641eec544301d3d920e10ea34638e') in 0.073322 seconds 
  Import took 0.081780 seconds .

========================================================================
Received Import Request.
  Time since last request: 0.912443 seconds.
  path: Assets/Models/TrafficCone.fbx
  artifactKey: Guid(5fd91bcbe6d2575488051026e4f8b6fc) Importer(815301076,1909f56bfc062723c751e8b465ee728b)
Start importing Assets/Models/TrafficCone.fbx using Guid(5fd91bcbe6d2575488051026e4f8b6fc) Importer(815301076,1909f56bfc062723c751e8b465ee728b)  -> (artifact id: 'cae4699650f346d9f397f7d9b1a21969') in 0.072302 seconds 
  Import took 0.080117 seconds .

========================================================================
Received Import Request.
  Time since last request: 0.761786 seconds.
  path: Assets/Models/Wheel.fbx
  artifactKey: Guid(20294a7bc9371874e83948852ab2a1bd) Importer(815301076,1909f56bfc062723c751e8b465ee728b)
Start importing Assets/Models/Wheel.fbx using Guid(20294a7bc9371874e83948852ab2a1bd) Importer(815301076,1909f56bfc062723c751e8b465ee728b)  -> (artifact id: '5aa3d1741510b7341e1bc082db5b0716') in 0.068443 seconds 
  Import took 0.074723 seconds .

========================================================================
Received Import Request.
  Time since last request: 2.147429 seconds.
  path: Assets/Models/Road.fbx
  artifactKey: Guid(2df4e890307a02145b4617a1ec3d9b67) Importer(815301076,1909f56bfc062723c751e8b465ee728b)
Start importing Assets/Models/Road.fbx using Guid(2df4e890307a02145b4617a1ec3d9b67) Importer(815301076,1909f56bfc062723c751e8b465ee728b)  -> (artifact id: 'c586f2f01151c94c1b0c19efa3f7323d') in 0.087955 seconds 
  Import took 0.094801 seconds .

========================================================================
Received Import Request.
  Time since last request: 3.318589 seconds.
  path: Assets/Prefabs
  artifactKey: Guid(7a1821e41e58324439b6f90b55d7c5e7) Importer(815301076,1909f56bfc062723c751e8b465ee728b)
Start importing Assets/Prefabs using Guid(7a1821e41e58324439b6f90b55d7c5e7) Importer(815301076,1909f56bfc062723c751e8b465ee728b)  -> (artifact id: 'd83623fe90790418bd3c60ac8b1c03be') in 0.012979 seconds 
  Import took 0.020592 seconds .

========================================================================
Received Import Request.
  Time since last request: 1.141719 seconds.
  path: Assets/Prefabs/AudioManager.prefab
  artifactKey: Guid(cab84aab0b0d6234c960a49b2970e36f) Importer(815301076,1909f56bfc062723c751e8b465ee728b)
Start importing Assets/Prefabs/AudioManager.prefab using Guid(cab84aab0b0d6234c960a49b2970e36f) Importer(815301076,1909f56bfc062723c751e8b465ee728b)  -> (artifact id: '2607bcc6fa93627f9228eca666a8c05c') in 0.018113 seconds 
  Import took 0.024928 seconds .

========================================================================
Received Import Request.
  Time since last request: 0.493586 seconds.
  path: Assets/Prefabs/Coin.prefab
  artifactKey: Guid(8e225922a0c86324d97faa4e305031d8) Importer(815301076,1909f56bfc062723c751e8b465ee728b)
Start importing Assets/Prefabs/Coin.prefab using Guid(8e225922a0c86324d97faa4e305031d8) Importer(815301076,1909f56bfc062723c751e8b465ee728b)  -> (artifact id: '358ade52833526cb8224664aeb275e1c') in 0.032872 seconds 
  Import took 0.041893 seconds .

========================================================================
Received Import Request.
  Time since last request: 10.529120 seconds.
  path: Assets/Prefabs/Tile2.prefab
  artifactKey: Guid(44ef4d66706705240a7f987e0b37fd22) Importer(815301076,1909f56bfc062723c751e8b465ee728b)
Start importing Assets/Prefabs/Tile2.prefab using Guid(44ef4d66706705240a7f987e0b37fd22) Importer(815301076,1909f56bfc062723c751e8b465ee728b)  -> (artifact id: 'b1eb16be9f0bca2194e79f61002f6597') in 0.047443 seconds 
  Import took 0.056362 seconds .

========================================================================
Received Import Request.
  Time since last request: 2.454529 seconds.
  path: Assets/Prefabs/Tile3.prefab
  artifactKey: Guid(9f08a6008a48f274aa0124b10ab184f4) Importer(815301076,1909f56bfc062723c751e8b465ee728b)
Start importing Assets/Prefabs/Tile3.prefab using Guid(9f08a6008a48f274aa0124b10ab184f4) Importer(815301076,1909f56bfc062723c751e8b465ee728b)  -> (artifact id: '6dfc6d1c0d7a0bca92501910dcee9bcf') in 0.040451 seconds 
  Import took 0.048631 seconds .

AssetImportWorkerClient::OnTransportError - code=2 error=End of file
